383
649
27
540
368
862
802
393
373
315
980
873
925
505
124
582
364
808
403
60
12
539
601
652
286
444
117
927
586
732
19
340
245
379
350
124
491
432
407
237
428
776
763
840
917
183
644
82
804
622
422
801
320
708
637
36
468
930
199
773
95
340
936
179
172
342
372
721
667
984
396
972
385
898
298
581
994
850
884
504
259
21
872
36
333
368
46
303
686
157
921
902
2
647
134
504
285
343
949
743
340
261
23
425
626
205
346
552
970
857
886
479
274
888
566
606
205
783
289
314
618
157
270
794
682
115
947
54
81
231
580
862
176
857
560
244
291
993
982
93
253
713
88
17
153
291
963
904
789
250
195
967
981
770
532
172
283
63
714
435
954
262
324
457
269
933
806
334
715
506
539
114
67
122
179
813
603
487
722
134
595
776
932
563
685
314
892
136
582
955
783
126
910
610
199
777
952
298
266
308
555
325
382
985
762
716
15
263
859
856
665
83
638
154
412
956
465
39
393
673
877
355
960
358
761
100
42
289
551
304
11
868
718
487
62
141
980
29
424
902
140
493
905
270
180
154
433
649
742
915
133
643
124
353
705
819
669
562
205
829
522
528
899
426
107
820
123
312
608
559
340
89
50
186
115
263
513
571
495
634
725
472
603
339
267
860
279
598
570
609
735
523
704
591
484
53
123
643
320
752
505
425
966
272
877
3
49
3
763
185
408
316
986
569
366
428
300
763
397
320
565
908
842
869
815
382
343
602
620
924
942
163
332
950
494
213
323
465
499
464
391
836
620
596
764
67
457
690
422
339
25
220
957
826
878
520
267
511
862
376
503
481
942
747
742
958
661
603
952
358
636
973
620
400
356
128
605
165
732
0
348
497
18
392
400
550
325
142
320
685
780
87
602
986
51
872
337
782
15
724
236
158
111
916
439
978
976
127
260
486
435
719
95
950
631
525
676
563
351
974
428
433
123
151
549
13
984
384
684
781
878
944
977
736
710
467
160
14
554
495
313
335
7
628
699
90
682
733
857
193
945
456
860
840
695
67
290
555
651
435
956
560
572
733
136
875
125
555
896
729
645
286
421
878
179
175
626
106
501
392
381
951
259
657
911
126
141
865
623
589
555
300
549
241
554
319
763
318
701
186
589
247
211
711
96
218
894
58
213
998
35
825
824
989
544
970
848
942
924
435
962
432
171
784
850
818
463
269
522
228
744
772
439
770
859
988
954
987
3
288
27
404
187
676
372
780
386
202
458
720
656
160
635
55
348
446
159
42
777
893
824
466
335
495
523
403
817
818
187
526
939
626
32
661
927
48
513
74
254
342
704
290
142
149
448
929
606
809
669
173
483
176
304
617
707
157
850
978
26
898
821
687
436
66
771
203
782
868
936
958
187
72
882
53
654
614
488
544
247
83
55
191
983
465
608
57
240
375
558
510
800
538
763
512
762
450
138
55
600
737
835
422
707
889
956
74
956
508
197
283
944
828
530
259
74
772
611
847
193
298
267
116
259
742
250
921
765
520
679
313
386
995
579
857
193
405
653
276
22
526
681
939
694
975
5
177
257
679
247
451
616
348
669
605
429
426
870
424
640
222
950
387
32
366
50
229
804
163
151
854
270
440
653
455
941
454
789
501
512
143
752
296
829
367
137
500
780
340
690
185
814
930
630
72
776
509
27
499
176
371
234
616
263
157
520
762
165
328
375
911
82
958
667
441
420
101
374
228
122
190
310
507
135
395
116
465
956
397
611
403
585
998
542
323
469
972
137
321
201
831
788
491
466
871
90
987
205
191
992
291
288
334
845
192
270
866
587
112
332
969
514
666
480
42
56
917
758
281
861
92
822
592
838
424
872
806
50
918
189
564
76
975
556
486
72
18
204
93
537
583
777
810
385
300
672
361
189
446
366
657
507
459
408
78
268
121
26
131
557
814
375
77
638
789
579
311
914
763
10
353
959
845
558
591
159
129
803
183
220
802
303
593
546
777
799
365
715
779
818
999
871
227
938
202
869
639
145
437
183
533
991
46
279
282
291
89
85
382
191
996
444
688
298
606
541
626
673
253
169
305
58
775
529
224
218
41
609
878
590
789
394
916
940
975
305
210
523
94
631
894
134
666
449
156
124
980
907
673
310
757
718
978
69
868
677
389
218
446
865
110
297
381
143
604
427
494
596
64
241
4
730
316
589
123
428
888
22
909
800
646
675
486
872
994
255
196
358
965
672
150
764
74
189
496
555
631
697
506
200
566
387
168
264
81
315
193
826
191
445
827
205
485
185
264
637
849
548
786
792
667
426
63
628
626
441
342
46
463
329
18
619
876
102
88
401
413
563
305
710
718
508
39
151
18
441
802
667
652
690
506
445
474
977
515
709
512
740
821
484
481
38
203
628
567
983
613
484
592
927
38
849
984
746
741
868
515
943
867
639
27
824
789
886
876
894
244
688
465
980
650
233
418
968
669
759
329
468
440
476
207
967
873
602
531
236
470
740
260
939
774
927
530
236
911
858
435
654
816
326
979
877
563
667
642
884
657
484
23
397
224
692
627
360
940
787
568
363
592
751
448
1
396
249
181
483
343
884
224
333
307
69
694
532
94
920
491
391
167
98
415
940
866
185
928
868
274
419
439
681
296
879
113
678
447
478
141
444
654
148
679
966
750
833
32
853
706
565
762
835
567
687
109
602
398
361
915
347
462
748
876
995
790
368
851
453
917
607
615
36
175
228
191
383
567
843
700
80
514
491
646
75
243
460
871
772
967
922
160
40
396
607
441
284
565
751
807
669
831
27
944
988
238
496
981
894
66
20
829
796
206
825
98
650
539
380
392
391
667
690
233
251
677
989
586
160
236
242
29
807
313
51
149
669
319
44
242
887
851
73
656
503
876
985
895
56
2
538
730
215
657
362
917
396
15
46
801
39
797
600
90
950
779
205
476
934
912
735
898
301
787
5
519
49
894
657
162
48
673
226
42
783
693
248
491
181
0
254
434
118
736
520
72
442
694
967
410
497
266
146
495
600
447
77
574
508
918
810
880
487
185
3
491
761
478
180
96
820
76
376
88
700
404
809
887
201
438
978
681
603
562
125
810
683
453
709
129
78
833
537
234
524
589
976
840
606
980
168
819
503
578
792
719
228
715
253
650
406
116
757
690
17
741
2
949
294
383
587
894
519
536
461
996
19
864
66
548
888
885
230
148
542
436
124
398
16
164
634
735
188
323
286
338
314
389
870
220
375
840
725
602
233
719
366
292
91
715
426
258
944
116
396
222
358
182
111
598
689
553
646
59
633
976
731
796
30
75
953
290
883
914
849
485
451
270
4
690
786
197
916
776
834
11
956
27
628
540
847
951
666
704
183
132
877
997
112
941
415
59
186
475
57
873
333
82
145
405
448
159
345
171
456
721
621
968
564
274
678
721
422
857
27
259
384
206
576
251
400
42
518
768
188
791
816
882
180
797
4
391
855
793
199
220
218
333
722
695
87
55
238
278
160
780
858
875
713
676
435
375
941
962
32
967
140
719
48
922
625
113
593
971
893
788
816
163
84
885
130
311
602
45
128
86
466
465
608
281
839
636
746
951
462
178
320
94
816
445
258
307
758
944
852
522
272
747
152
298
131
704
630
640
405
491
417
496
200
752
269
839
368
901
471
631
416
653
249
591
508
927
583
739
689
291
977
71
16
206
751
766
256
453
207
295
993
680
487
818
209
698
269
230
627
660
876
105
761
467
350
891
206
688
163
235
762
187
872
200
19
388
346
431
174
485
486
130
769
817
205
812
478
274
767
984
823
918
907
556
830
437
424
291
446
794
566
921
965
64
876
835
186
451
563
379
524
826
14
838
618
171
494
264
802
11
828
768
186
397
59
203
100
119
867
519
704
460
927
396
627
997
790
960
888
592
452
343
819
685
567
621
565
293
737
801
60
869
366
163
286
279
957
765
430
770
105
512
796
965
132
337
510
184
943
221
627
752
35
643
486
433
160
671
985
126
209
6
791
856
616
265
489
865
167
180
39
642
772
808
310
420
892
892
45
781
174
649
651
632
42
183
604
857
719
407
44
335
208
774
394
261
952
812
821
583
730
956
677
388
732
739
152
120
561
949
1
50
809
218
492
645
175
897
128
323
16
51
923
461
876
810
870
823
81
355
386
619
213
160
512
987
285
86
516
108
792
700
362
12
67
893
557
511
174
374
7
439
71
378
971
697
544
724
764
784
282
155
893
196
328
792
380
197
472
36
776
236
653
746
29
243
47
224
390
511
11
91
906
249
970
668
257
140
765
411
878
829
840
875
356
946
896
161
440
78
197
462
380
71
188
138
384
951
249
141
988
151
497
417
452
170
570
802
867
33
850
915
322
676
823
81
138
213
693
323
959
847
251
389
652
600
460
660
512
274
312
538
138
941
307
606
567
532
733
98
699
292
541
812
645
731
334
438
528
368
635
91
524
718
506
518
426
294
233
293
312
750
886
810
716
510
751
392
501
17
707
770
378
13
758
86
816
0
722
881
153
281
926
445
752
102
92
607
886
386
59
736
567
123
58
11
919
198
413
170
305
729
545
750
788
399
368
94
378
317
280
619
771
856
965
624
829
715
618
921
555
841
764
743
936
275
395
793
928
606
688
743
772
139
954
464
611
340
661
736
465
924
899
973
894
996
190
684
445
887
210
713
599
811
127
224
269
292
299
713
209
155
273
142
567
326
506
528
498
303
754
500
249
497
152
729
304
748
697
403
151
215
429
177
289
795
390
826
761
996
234
614
386
994
578
290
593
355
610
355
338
770
260
217
873
483
471
25
493
699
622
292
57
491
740
98
2
338
970
536
759
127
563
934
768
822
30
486
814
775
294
691
925
836
130
685
805
6
120
596
955
211
321
234
830
573
82
898
278
41
122
821
776
653
797
698
52
10
0
81
147
532
254
494
433
415
892
506
708
483
309
682
285
476
525
490
337
888
437
657
71
528
890
552
566
368
776
593
672
997
421
421
354
852
217
851
172
828
590
511
506
489
875
538
649
326
969
289
264
833
155
171
140
990
624
844
976
343
912
131
216
573
933
153
485
898
719
480
708
431
391
667
743
88
710
587
339
330
186
722
742
139
418
404
435
450
89
557
821
361
700
589
948
417
480
484
931
69
171
652
91
812
213
568
437
202
804
138
421
356
111
661
596
757
876
107
540
800
496
873
251
339
625
561
528
581
639
98
98
66
978
516
159
932
498
334
797
381
329
634
775
629
409
833
26
62
508
544
518
546
686
810
596
451
861
879
628
870
500
290
880
382
738
811
683
769
740
57
114
534
567
490
949
147
140
766
52
540
721
170
660
616
553
768
968
254
823
12
854
281
413
755
71
0
807
894
560
748
863
458
631
341
867
238
457
169
538
585
754
788
190
461
63
554
930
708
522
157
530
589
482
797
5
523
884
350
23
410
902
958
901
377
536
999
567
767
693
367
117
208
161
795
180
688
69
52
790
799
628
528
563
36
700
775
250
579
769
34
565
249
963
796
669
801
29
712
513
481
889
704
210
834
325
47
795
882
290
863
768
601
291
448
200
901
955
640
258
294
885
880
367
746
858
805
730
200
53
302
440
946
637
150
108
328
423
182
744
78
186
639
444
283
893
950
56
42
109
118
305
777
12
979
89
880
326
107
763
894
483
617
641
638
709
71
906
161
102
18
250
461
113
454
257
299
539
272
192
875
877
500
956
794
804
619
528
350
642
369
107
440
186
78
226
967
688
239
242
522
976
626
668
428
62
315
546
37
368
43
710
870
728
959
109
417
813
260
934
352
5
692
256
327
809
552
560
871
10
277
324
764
225
946
623
488
693
587
902
167
46
451
585
52
432
37
794
400
777
992
347
861
271
287
279
609
229
458
835
158
503
155
717
934
140
196
392
652
986
528
37
996
350
850
835
488
358
650
622
295
141
829
533
350
580
171
561
917
587
166
718
718
878
882
685
836
173
130
46
212
472
403
656
370
123
94
249
735
874
815
322
396
193
354
741
38
263
616
58
988
90
859
166
473
337
362
707
605
281
777
108
415
69
23
604
69
680
766
81
224
916
18
437
349
196
830
88
886
994
396
847
543
983
908
651
743
958
969
576
349
677
220
941
471
117
908
92
162
16
249
42
211
471
924
662
396
96
156
322
977
766
935
46
982
851
241
254
287
389
620
424
380
309
80
325
398
457
21
996
652
195
592
463
27
990
995
905
639
960
38
486
938
456
435
577
132
83
989
377
197
955
753
801
150
738
855
593
306
353
226
305
727
736
15
352
260
82
712
216
481
981
131
70
917
760
633
537
771
983
1
409
639
788
181
244
289
9
875
454
403
672
945
307
17
428
481
70
216
172
91
922
484
979
455
301
810
317
3
480
11
347
974
341
696
80
764
270
964
773
509
66
241
625
469
190
51
828
445
845
295
540
732
307
60
497
554
431
227
602
279
975
564
380
533
684
128
149
532
497
820
533
737
909
204
442
366
115
438
131
533
957
582
89
18
455
683
649
783
393
166
717
850
994
778
633
755
594
797
837
613
276
667
891
9
456
758
228
737
496
870
347
849
478
685
94
699
676
225
903
294
997
853
872
877
979
428
545
339
700
60
813
149
361
886
944
216
349
381
701
287
760
87
388
546
597
589
194
419
96
617
429
474
330
727
336
604
73
451
921
671
316
987
101
791
389
8
586
451
829
165
462
701
243
280
699
246
145
54
835
187
483
153
883
469
344
660
296
497
559
584
669
100
835
332
831
149
717
17
155
56
971
595
689
510
786
977
275
101
267
226
213
680
127
317
31
412
252
770
274
116
198
140
31
423
659
760
357
531
673
159
666
597
673
812
493
559
959
257
256
837
918
967
486
879
672
953
247
538
884
322
105
9
745
206
24
969
622
9
604
401
453
354
227
28
892
643
366
524
980
383
123
282
891
487
371
942
678
147
119
932
768
449
773
759
43
224
9
760
234
524
449
686
911
194
600
178
420
921
925
823
112
481
973
615
664
8
364
768
843
236
315
260
776
898
474
959
949
246
574
522
218
326
44
550
104
144
914
220
821
484
172
453
272
893
895
261
563
37
596
72
819
652
975
308
318
812
659
923
403
439
432
913
303
39
451
218
610
385
449
884
291
982
347
391
598
916
990
489
723
943
394
341
930
169
138
43
464
451
776
919
348
959
15
146
927
350
190
662
225
998
486
894
23
212
803
657
540
534
727
960
971
544
942
944
714
255
853
327
362
825
217
755
125
660
37
229
320
539
504
956
968
734
750
657
91
128
238
926
90
898
948
277
444
30
914
831
315
442
648
152
217
934
642
773
109
466
136
594
842
552
167
36
489
539
612
862
891
449
610
133
504
651
918
704
112
98
189
313
531
562
32
325
249
538
482
343
421
791
452
173
400
718
200
879
676
703
921
180
550
615
314
99
20
144
762
392
760
644
938
727
14
666
673
604
191
569
119
924
119
165
259
653
403
965
542
762
225
218
317
720
932
440
312
536
144
669
860
888
599
181
916
681
21
915
741
256
120
198
757
772
995
793
765
57
803
902
183
267
555
780
529
590
626
404
397
5
596
57
273
774
97
271
414
23
884
157
690
377
538
456
980
88
475
223
181
286
617
61
564
997
662
939
555
717
914
977
273
736
59
221
57
568
335
515
40
388
746
209
864
928
163
246
745
339
260
843
971
888
444
481
974
226
822
100
272
321
989
825
984
529
155
547
868
74
314
88
928
168
850
500
925
850
621
414
838
902
639
407
66
814
234
86
163
426
384
279
476
50
593
147
545
27
879
186
503
386
854
486
83
172
714
823
821
996
271
174
491
829
46
509
672
542
591
915
339
486
684
589
468
562
7
879
370
809
628
381
384
224
161
979
808
530
366
697
450
192
0
974
537
592
461
402
129
507
346
195
214
836
860
206
356
114
843
859
238
600
991
674
12
685
861
32
636
801
382
774
327
459
22
486
819
123
87
106
435
480
23
319
263
939
358
367
897
427
911
311
612
685
544
539
954
604
775
122
197
171
538
712
2
382
304
973
301
569
359
184
683
213
393
783
666
183
184
25
559
72
86
850
481
229
81
345
815
504
657
830
522
591
633
372
566
872
191
764
294
406
743
828
92
683
794
113
492
183
413
437
667
351
873
116
257
950
528
26
861
731
498
480
647
361
787
76
773
319
352
51
879
652
501
484
979
85
59
338
49
971
979
633
793
51
389
85
215
782
74
736
232
604
34
994
199
512
972
33
881
467
600
818
942
843
936
385
786
514
212
949
182
99
798
92
247
17
431
10
229
961
785
821
528
595
106
787
325
865
763
5
402
177
75
265
986
829
652
758
135
876
146
715
487
908
188
459
963
398
997
67
123
332
815
360
747
124
942
993
18
734
741
664
989
675
379
994
583
827
598
190
660
782
568
753
68
295
91
708
448
237
984
617
112
652
30
219
486
116
777
777
481
427
960
987
551
919
101
832
805
644
955
233
357
982
998
71
795
421
695
143
685
407
898
681
920
173
431
733
179
138
508
223
749
673
160
277
226
25
574
67
21
418
630
739
308
637
259
935
201
427
879
882
540
409
502
235
520
53
393
254
840
395
615
771
871
87
915
517
583
10
656
333
772
25
664
647
733
528
764
480
11
177
323
206
751
752
1
161
244
623
33
63
414
609
175
745
372
855
124
786
497
267
362
708
392
983
759
677
255
819
934
190
536
964
232
673
921
548
602
18
990
720
615
355
551
158
968
199
216
326
189
354
124
139
5
962
90
202
98
252
70
729
56
637
975
124
783
809
152
934
359
703
448
815
161
23
713
808
38
83
411
447
909
180
229
702
678
121
923
90
82
680
71
927
742
114
414
548
657
292
481
747
271
50
208
78
935
38
570
382
720
897
475
37
607
391
624
74
402
179
53
777
401
291
64
940
155
998
471
149
798
91
364
232
728
442
327
164
579
254
954
69
325
719
696
354
76
800
183
128
292
224
29
972
64
281
460
277
723
269
413
293
491
854
311
845
138
447
338
458
888
253
271
468
408
550
306
414
442
260
932
105
797
292
777
335
362
926
172
782
929
69
229
537
91
996
336
857
367
43
178
754
739
434
902
301
689
31
481
567
353
219
270
796
451
764
500
987
365
228
474
29
143
404
613
904
917
470
725
786
507
299
746
810
878
444
282
600
550
881
163
959
926
376
756
348
9
206
819
939
705
658
81
672
640
590
732
4
255
205
961
944
842
908
808
648
529
788
33
125
436
27
50
39
500
159
692
49
238
988
829
569
360
309
677
57
312
726
529
80
312
90
641
433
856
237
945
637
757
459
74
417
173
847
390
157
21
30
796
21
977
904
744
236
49
375
614
882
574
74
762
732
137
328
217
858
633
851
485
639
677
560
379
427
398
950
522
924
486
262
848
154
171
703
728
308
898
559
109
53
989
231
850
131
81
181
825
297
57
297
977
21
211
990
820
525
643
310
570
722
827
651
398
393
99
641
195
954
197
0
127
439
957
972
850
399
364
37
280
341
69
112
364
104
636
760
314
535
790
735
313
468
933
181
50
364
238
19
981
967
902
174
377
797
726
948
559
280
726
723
710
613
421
95
386
969
663
499
515
11
287
354
712
799
87
802
960
403
605
378
45
551
794
92
166
437
709
745
295
676
925
566
196
370
141
198
257
346
226
645
883
542
330
519
990
741
584
492
939
304
349
165
79
131
427
543
438
680
463
179
472
748
912
197
107
906
428
14
97
313
585
616
395
613
100
982
134
303
807
984
361
981
293
708
466
487
633
854
751
168
977
346
411
439
371
883
674
132
292
335
43
936
287
127
169
798
883
292
608
660
887
280
759
638
484
923
942
759
117
614
421
786
127
569
458
989
699
832
807
569
470
533
485
634
983
191
538
422
94
545
548
840
654
428
576
14
869
353
710
164
569
955
781
375
265
161
906
839
8
136
212
674
630
447
934
931
900
401
625
949
960
229
799
766
759
209
490
926
264
634
105
595
107
558
38
958
659
967
631
353
551
641
369
726
414
251
723
401
366
784
648
366
104
161
251
588
681
842
164
811
496
428
924
253
324
203
594
508
344
658
758
904
86
751
448
0
388
718
861
129
57
760
825
848
55
246
120
550
924
264
281
499
263
328
779
995
999
784
761
225
286
337
315
680
564
545
756
491
388
379
42
284
206
598
744
440
904
582
43
319
215
709
331
264
424
872
709
850
229
177
508
470
726
526
541
59
23
408
294
492
493
328
138
181
14
554
334
483
842
216
937
387
775
97
117
893
57
30
874
306
234
442
904
944
101
54
311
912
203
252
584
337
363
139
777
154
160
990
412
151
360
959
337
630
157
764
564
503
430
571
255
159
960
711
477
879
613
428
27
660
329
215
247
500
571
476
770
610
582
802
591
483
34
107
149
403
892
495
336
302
690
958
768
341
844
259
972
780
479
746
83
295
129
929
507
390
308
257
623
118
215
304
706
897
529
418
591
551
784
779
473
2
20
445
617
8
817
572
446
589
867
406
591
251
791
352
200
1
418
845
635
873
39
91
360
577
192
370
161
421
429
296
938
825
146
661
498
966
21
751
875
172
443
461
289
332
392
825
501
304
351
298
498
808
108
736
114
168
689
304
347
101
126
769
655
103
607
752
930
565
404
292
158
386
271
996
38
386
492
340
864
672
325
310
75
720
170
932
663
32
503
305
732
258
538
307
58
23
146
32
196
454
761
413
398
323
131
679
690
337
536
826
918
830
774
868
179
976
126
277
418
647
218
446
860
964
215
495
520
525
43
532
63
399
702
65
946
329
370
799
428
181
929
537
347
603
941
63
244
721
876
625
257
975
586
633
475
157
566
458
539
832
482
409
245
647
993
585
969
257
241
450
55
184
317
101
201
888
559
177
782
168
710
519
88
669
724
531
304
851
85
354
800
704
106
323
290
13
860
471
904
591
254
703
160
978
698
978
799
989
700
799
816
58
332
813
473
442
319
633
872
612
190
186
95
222
219
983
474
157
213
734
480
966
403
404
555
493
319
207
258
604
58
431
46
945
263
619
958
16
661
70
576
409
124
496
936
465
41
537
518
192
551
23
111
42
933
843
692
74
834
510
435
53
11
320
321
177
884
91
381
391
268
559
931
849
325
791
328
79
949
727
260
806
589
792
118
856
402
236
644
166
940
766
261
513
414
499
526
837
5
215
883
739
12
382
640
36
103
726
660
843
189
468
459
683
515
916
610
634
735
958
830
650
331
941
726
742
865
563
770
294
115
205
364
461
645
972
317
886
885
385
709
22
991
720
271
329
66
426
543
389
35
284
53
786
888
992
178
240
49
571
945
186
562
198
316
86
285
970
701
924
864
909
515
832
385
70
743
885
286
432
789
205
417
140
417
700
498
927
788
57
654
111
647
122
272
941
559
693
202
510
385
448
957
941
182
531
206
731
923
760
181
239
879
131
362
627
227
232
411
529
994
156
364
458
522
54
462
501
830
663
151
125
422
917
733
403
320
985
416
290
60
68
168
149
565
983
238
581
402
762
140
631
224
634
118
402
495
393
381
702
270
528
127
180
593
869
373
941
192
986
965
600
645
996
777
959
687
7
827
234
307
445
319
958
264
129
776
83
104
242
23
718
763
363
446
478
814
242
498
512
590
458
848
82
81
73
786
535
957
519
501
285
185
203
732
444
425
736
58
213
245
28
118
187
52
292
172
998
461
927
681
793
141
879
390
112
447
876
92
805
741
737
254
947
293
586
654
234
221
694
340
635
391
238
264
947
240
898
472
246
323
201
46
516
713
381
147
767
336
54
82
156
140
150
393
193
201
965
929
931
153
789
485
239
661
613
93
198
746
896
124
74
771
923
867
258
445
703
765
746
666
200
949
341
175
635
117
354
813
634
105
785
513
386
245
2
116
323
482
64
406
446
576
20
851
261
810
327
342
234
867
610
367
458
822
313
478
750
226
598
136
362
498
407
546
887
574
707
259
24
143
959
616
216
603
513
84
496
51
302
810
597
720
936
597
279
388
130
425
403
197
160
17
82
244
561
903
78
845
122
92
492
456
55
238
559
692
858
702
567
90
1
961
702
325
871
741
582
48
770
106
135
115
560
970
138
994
963
196
593
644
32
180
576
107
342
200
271
636
22
195
888
169
800
466
323
196
205
85
577
252
20
582
938
892
259
832
902
936
828
480
153
351
946
344
645
296
522
997
904
815
101
810
910
939
548
213
728
305
500
376
460
806
366
592
405
509
664
737
93
699
33
730
117
472
199
991
38
572
141
472
28
712
434
884
285
570
867
668
451
865
263
638
571
664
429
512
786
733
787
504
804
636
956
794
984
18
284
960
64
326
912
2
304
206
531
633
724
221
692
288
506
548
177
82
81
922
877
932
226
185
314
804
67
72
159
876
374
574
970
349
797
352
927
696
725
813
379
562
237
240
400
372
148
631
505
444
0
111
276
727
480
720
171
784
904
710
516
550
731
168
72
76
734
363
600
749
762
678
445
495
820
897
865
923
881
731
737
69
722
648
352
640
522
465
513
174
234
604
144
971
53
290
265
445
629
162
832
554
173
470
564
635
280
863
163
714
245
974
554
855
977
500
916
879
791
838
166
159
716
243
674
608
993
431
683
861
859
138
843
850
408
665
732
173
636
944
668
845
918
930
158
817
174
562
672
489
904
638
526
436
963
807
911
739
322
893
903
847
216
679
883
255
411
275
233
687
772
92
224
575
701
172
751
0
29
918
683
870
520
992
501
636
430
333
94
333
841
65
934
827
104
752
421
630
774
299
738
64
480
704
386
21
793
365
653
308
184
923
36
639
216
490
166
952
227
822
734
592
823
710
64
44
843
907
884
784
235
101
36
767
642
115
819
479
933
675
610
130
329
699
882
790
174
428
515
196
265
38
220
679
533
300
840
702
808
361
979
490
775
881
865
578
51
237
766
506
784
400
400
712
341
170
464
669
56
256
320
922
499
664
528
502
802
350
836
791
220
392
174
655
142
636
184
881
207
415
676
6
412
927
347
178
865
121
607
438
457
938
203
542
31
918
532
88
391
267
161
367
139
659
156
4
477
601
457
242
886
312
4
487
490
474
584
852
212
780
281
288
285
662
628
466
213
47
411
873
999
980
280
387
431
233
826
716
655
460
336
908
985
4
820
602
587
435
418
796
173
702
606
447
894
785
269
997
648
770
629
406
469
987
522
732
589
942
605
970
957
954
222
980
192
845
532
727
533
179
137
81
308
155
237
406
388
654
580
922
140
800
25
228
101
206
181
826
56
992
979
32
441
222
659
952
830
199
877
957
207
132
701
947
194
338
335
486
258
754
763
290
200
551
667
664
704
99
267
122
677
766
643
852
384
403
732
928
386
548
171
113
192
405
81
485
559
221
15
879
750
523
452
26
115
425
738
483
135
32
686
297
697
714
711
726
106
928
252
123
120
718
941
755
400
382
970
518
244
256
301
176
610
554
416
757
70
428
221
884
490
591
691
620
164
302
28
576
744
499
471
574
694
700
357
566
888
417
343
34
323
566
125
771
792
672
532
366
130
783
554
43
997
218
103
915
421
763
211
429
67
22
456
421
370
956
862
84
846
895
434
276
651
676
586
570
97
756
441
729
97
709
683
871
368
149
846
488
193
914
227
551
121
235
11
443
818
369
324
499
590
669
197
828
343
311
730
626
258
624
379
131
660
899
668
84
542
418
336
301
321
904
228
422
84
625
42
190
819
379
776
579
621
754
202
784
189
753
133
746
990
363
892
975
414
460
794
699
428
538
339
629
335
971
292
682
232
117
190
690
168
100
916
647
631
214
412
969
620
417
59
458
607
729
438
233
358
569
431
791
521
574
231
516
516
404
379
483
499
950
105
805
589
805
126
543
377
710
235
573
18
90
661
73
868
949
763
36
196
270
72
30
47
232
640
159
723
335
747
701
959
84
376
189
224
109
338
787
875
350
181
982
404
32
415
962
587
266
930
116
528
360
928
225
853
350
149
888
976
87
17
184
428
278
774
283
693
334
541
482
173
790
491
871
970
517
351
32
141
170
814
886
621
631
295
198
793
286
677
954
659
469
383
956
666
729
207
472
125
418
393
30
562
10
789
557
690
829
899
569
373
279
351
86
881
387
519
259
63
733
315
487
610
911
892
579
787
353
506
921
354
317
165
995
569
571
172
878
333
794
639
939
128
225
972
952
339
216
344
13
292
953
295
976
801
763
164
530
302
407
919
819
187
394
486
695
142
853
547
900
35
154
325
633
560
100
879
930
892
515
847
629
416
540
794
853
432
834
696
716
187
360
941
162
811
234
339
475
951
681
14
107
623
793
371
697
433
529
349
968
653
204
205
728
563
382
563
198
173
57
396
44
855
366
401
899
90
0
12
158
626
937
409
4
410
446
10
490
705
17
139
542
743
720
647
630
520
142
34
644
784
735
296
512
557
220
694
236
299
292
641
260
147
17
511
566
134
316
570
277
37
96
540
802
242
169
320
861
114
582
502
235
502
589
990
776
238
835
362
758
711
142
265
376
302
82
433
407
260
443
313
96
110
195
736
295
364
564
394
806
803
573
505
790
235
144
275
329
834
43
256
859
297
250
71
644
786
852
513
947
729
772
308
485
804
410
69
556
462
345
972
294
78
184
882
358
485
412
789
737
458
554
260
399
111
417
683
237
524
114
42
231
617
82
314
6
23
752
463
80
174
738
838
488
135
356
110
451
289
946
868
657
619
680
232
820
413
448
647
193
254
31
906
698
211
64
376
765
358
51
306
898
387
649
174
414
735
507
703
683
149
221
462
417
858
259
46
716
492
506
339
549
504
913
4
50
445
680
157
250
440
111
554
754
326
827
575
300
696
754
124
786
636
125
658
339
368
967
633
275
573
902
744
368
790
586
124
759
873
945
542
962
638
199
451
98
847
660
545
365
606
2
205
911
323
726
120
390
540
53
316
970
40
831
19
254
528
554
296
887
628
317
881
879
527
412
219
55
128
172
131
852
72
484
809
737
501
943
780
107
289
150
887
538
705
467
865
441
831
697
732
385
338
396
104
746
548
39
64
755
569
433
146
414
938
69
55
249
847
16
568
905
777
53
925
518
901
323
518
863
620
18
447
162
902
326
950
512
878
764
709
210
107
189
151
572
946
184
290
783
696
19
196
334
289
694
199
665
61
749
797
430
846
952
753
186
697
442
529
83
474
38
982
370
491
753
826
326
12
964
348
437
259
485
472
675
319
370
875
756
745
8
346
913
751
243
591
738
417
949
614
476
8
475
127
367
967
694
924
725
984
757
856
46
370
497
154
751
75
411
458
857
190
280
220
319
143
394
793
952
567
246
327
675
771
335
847
163
624
308
974
215
230
745
541
585
192
38
586
148
908
378
215
979
895
212
235
149
397
440
727
873
190
330
22
303
647
585
379
861
878
357
305
269
665
762
760
451
369
662
649
700
195
262
300
300
681
707
88
508
154
914
387
238
644
828
546
679
429
146
95
48
991
463
685
245
169
92
414
70
272
221
568
789
944
134
128
223
862
364
752
467
168
417
868
584
771
330
660
820
412
153
567
19
223
118
818
780
565
505
127
63
510
358
593
354
745
523
939
191
759
296
307
586
467
315
723
914
415
896
812
59
295
12
621
937
487
91
526
211
8
533
812
399
669
700
673
112
508
260
538
774
286
627
619
687
719
863
278
155
399
721
365
865
337
616
677
583
282
721
51
62
603
215
981
763
353
763
510
946
907
509
78
799
201
461
590
121
918
145
740
365
227
683
641
749
22
681
247
947
632
878
394
202
959
630
380
142
902
51
907
287
932
777
281
811
104
675
917
829
229
276
254
284
742
931
859
773
655
79
582
373
9
757
468
644
293
2
842
630
971
841
876
706
677
347
130
287
215
681
346
168
614
316
975
646
667
488
482
920
478
296
921
67
428
815
164
18
21
95
668
198
253
746
703
736
376
279
336
161
69
908
504
743
260
338
704
60
165
901
327
19
660
195
642
917
78
202
573
923
743
940
338
539
196
699
496
556
23
308
512
487
828
734
234
516
128
840
634
558
812
872
173
580
766
157
466
613
795
53
819
853
164
545
898
529
803
674
588
542
585
605
131
110
310
202
964
561
95
429
927
979
865
968
861
819
848
367
22
197
632
81
825
776
873
40
353
303
541
470
429
893
257
759
726
124
643
599
174
921
373
494
823
734
57
460
161
843
689
375
932
466
280
863
315
210
701
98
327
882
303
598
273
677
260
540
136
325
459
290
154
410
880
942
427
323
426
275
847
769
802
78
452
253
847
53
341
26
652
489
60
543
423
540
398
133
921
10
321
293
531
446
370
244
812
203
336
305
647
584
235
326
618
226
783
808
681
777
754
882
885
957
264
410
537
99
184
51
675
975
502
27
680
240
83
858
618
702
265
306
655
45
98
333
485
154
244
255
683
51
488
779
128
228
176
475
437
277
833
532
492
984
445
304
549
703
215
652
551
58
492
94
523
116
750
521
702
242
994
778
862
125
640
373
467
461
445
329
490
801
633
405
76
890
101
470
870
446
610
747
667
937
457
123
568
935
54
62
362
316
884
172
459
454
643
250
361
374
896
858
759
922
296
308
745
48
71
189
996
780
579
123
487
124
103
980
566
567
94
994
600
130
792
10
957
697
672
602
548
463
345
277
255
392
596
455
340
314
870
197
457
426
652
452
918
233
820
29
351
72
472
160
273
685
336
486
434
406
133
472
127
20
725
606
469
7
354
197
355
867
292
226
939
107
22
551
435
668
936
737
325
143
778
881
40
792
717
902
220
323
448
495
213
445
444
53
527
818
701
521
656
645
430
232
550
699
908
107
939
47
865
202
785
700
20
884
521
732
308
874
343
788
994
93
919
957
27
315
972
917
961
271
930
778
245
166
209
893
72
736
405
489
82
164
745
107
220
296
885
688
432
236
774
373
805
782
524
260
39
354
659
585
311
489
260
531
789
315
513
491
516
47
426
942
913
17
240
84
400
247
123
106
624
838
413
536
155
65
194
46
860
923
239
106
726
593
311
157
310
256
743
245
964
654
774
351
293
699
706
1
875
100
337
989
54
5
508
403
671
68
257
812
339
781
931
496
382
274
800
427
764
662
816
234
615
77
747
91
146
177
137
710
625
73
690
596
144
129
405
592
161
734
134
871
588
934
473
274
191
654
196
299
598
806
154
767
194
239
789
182
278
374
929
271
431
967
574
206
198
42
353
539
154
530
269
956
977
903
82
146
432
844
69
752
617
928
169
428
1
675
547
776
218
492
31
807
780
551
342
62
95
757
485
256
122
79
440
586
542
739
728
940
6
367
606
675
915
773
780
953
550
498
857
111
933
533
878
860
115
209
672
46
595
94
13
944
498
351
272
122
946
972
254
831
407
187
868
185
249
225
565
820
981
35
719
683
730
494
173
591
380
609
714
283
949
297
94
720
4
494
205
814
801
724
847
543
898
757
157
908
513
487
515
278
258
211
429
136
731
21
483
305
375
339
989
953
161
122
427
746
584
23
675
994
86
130
716
905
16
754
665
973
276
703
841
425
876
706
642
70
735
865
534
845
220
996
828
781
847
22
432
666
489
343
64
630
55
824
48
111
380
139
396
754
901
755
452
749
41
107
464
319
510
270
820
56
631
358
287
519
850
692
500
23
950
785
131
505
938
527
552
27
299
996
120
99
362
508
262
679
13
513
873
683
875
177
436
404
635
364
269
995
365
587
236
775
215
274
211
968
504
429
598
502
776
613
349
135
525
767
956
275
202
876
606
708
920
844
303
170
445
30
412
70
634
86
238
167
670
966
795
994
669
801
206
972
346
622
811
226
943
435
718
53
649
72
114
852
517
908
62
677
917
154
195
382
146
181
597
910
887
48
812
139
304
801
668
436
46
548
342
886
36
599
50
42
925
194
603
514
705
588
635
175
725
344
236
454
425
177
720
761
851
863
297
952
423
439
852
673
186
538
151
255
721
738
175
397
590
52
223
128
168
621
28
664
119
989
538
198
750
337
174
117
501
800
629
76
794
209
460
616
804
527
884
14
833
465
221
834
158
974
916
375
599
793
492
690
426
530
135
167
42
784
324
526
281
327
313
814
87
584
932
226
795
467
492
865
440
675
497
306
528
503
708
723
228
34
856
859
437
858
818
529
538
128
996
490
505
542
355
348
568
605
305
522
416
62
452
71
933
981
813
466
90
107
412
659
587
255
940
150
920
630
850
222
524
336
769
860
993
613
202
868
958
248
890
567
797
253
996
188
460
28
556
43
681
535
127
964
900
367
144
541
42
81
367
524
358
946
51
627
512
189
987
284
849
518
873
478
100
388
681
839
363
462
951
537
325
139
218
812
685
207
911
818
711
955
918
717
593
179
919
346
943
710
55
571
604
503
226
865
518
342
984
40
347
59
204
443
683
272
365
218
907
720
991
171
16
378
426
223
281
590
857
720
296
551
181
999
154
382
860
86
583
839
618
621
815
8
97
269
639
577
931
657
735
805
528
445
412
334
159
761
662
154
506
537
987
352
361
300
667
679
969
844
183
152
109
548
949
156
823
245
323
75
919
133
475
192
2
183
957
496
474
305
160
641
583
938
220
638
671
24
232
30
94
464
349
634
773
244
269
734
853
837
704
816
443
447
882
386
36
664
994
933
17
156
422
801
743
527
124
499
342
590
631
683
540
158
446
825
174
294
650
832
635
937
83
440
606
751
986
547
931
494
768
988
18
10
98
797
86
553
951
861
784
115
897
349
914
765
626
752
776
786
775
826
499
62
534
324
465
37
88
135
996
515
693
293
444
873
813
535
72
587
281
418
800
335
523
629
255
260
983
997
227
221
223
35
895
9
673
929
209
134
973
171
422
780
320
504
525
90
865
832
833
368
374
901
926
562
461
128
280
707
21
140
694
492
308
802
925
492
49
956
448
88
139
282
417
754
242
721
790
89
806
674
669
833
697
986
966
946
934
851
690
135
297
996
416
682
277
946
447
876
194
71
539
450
428
853
257
472
632
601
227
430
927
718
892
662
856
69
854
8
187
724
738
626
589
826
155
946
408
93
410
447
651
949
664
542
510
846
556
319
719
530
370
698
207
107
7
210
902
123
833
271
287
983
514
807
630
137
628
833
310
644
42
428
914
658
216
506
970
129
55
853
784
643
632
441
210
835
53
780
131
242
2
485
656
841
766
959
596
847
702
886
489
986
676
253
925
709
595
446
29
250
618
267
848
355
148
568
303
469
271
816
122
399
532
230
644
949
509
958
146
658
739
257
964
33
300
621
303
386
61
766
186
702
96
394
163
893
302
361
748
796
2
346
553
557
148
661
342
878
902
380
994
619
825
382
183
534
109
70
986
327
466
292
638
147
893
457
431
492
660
780
363
974
484
124
88
661
631
17
327
494
953
355
538
944
422
655
697
238
21
439
757
91
388
361
797
223
152
327
774
899
19
969
196
256
429
608
715
805
69
399
607
908
976
839
765
130
661
377
69
26
975
991
981
866
167
643
204
591
762
240
223
682
814
624
325
228
969
916
814
977
73
425
949
591
130
151
240
389
896
770
695
176
999
958
502
872
77
440
296
466
26
772
576
696
662
435
900
4
878
62
347
837
398
847
255
415
612
290
439
493
852
423
339
519
710
447
788
811
591
87
736
803
897
617
74
908
66
400
334
216
214
190
762
221
660
992
269
324
188
752
651
147
541
938
803
836
523
132
582
433
328
831
428
443
601
397
902
929
125
230
947
7
493
409
149
723
413
415
856
715
202
11
601
174
503
477
964
779
664
566
109
27
990
183
449
304
1
202
533
468
989
873
785
797
353
759
50
80
3
540
425
721
315
790
130
231
304
515
514
953
789
849
872
153
83
177
242
918
755
216
407
811
986
757
192
840
815
400
988
587
828
3
136
55
258
837
557
682
825
3
884
989
207
206
711
426
235
120
116
642
179
446
824
578
279
94
329
356
614
450
954
37
773
837
918
723
509
336
827
927
525
538
487
581
348
140
392
423
504
752
315
749
819
704
222
725
956
560
286
471
978
371
799
34
388
494
489
800
246
558
56
109
298
982
73
728
145
624
433
731
957
503
447
394
109
721
896
549
153
905
618
753
882
972
734
182
32
857
816
620
746
645
185
590
53
847
464
244
655
67
951
4
884
460
120
839
408
114
728
876
255
75
236
276
722
405
111
132
455
896
603
622
415
656
194
746
768
829
518
465
381
995
856
467
534
138
61
524
548
623
675
10
574
537
829
122
707
917
768
884
142
265
889
328
664
817
630
154
226
583
351
146
404
735
78
687
296
604
702
450
857
530
405
80
57
575
38
530
591
790
984
584
411
288
953
84
532
619
521
346
145
527
276
727
594
137
570
398
91
26
55
498
288
636
487
797
811
507
94
37
238
151
70
935
909
774
315
662
595
640
231
460
224
264
428
396
764
752
877
856
646
650
511
639
397
943
553
846
605
604
79
469
640
997
980
838
746
566
112
820
947
785
750
993
992
488
899
791
710
323
493
467
327
147
495
230
280
100
531
60
908
449
172
260
81
627
136
671
129
480
948
271
741
885
764
753
657
225
528
436
710
129
37
948
611
484
668
620
745
150
861
476
743
71
687
740
580
271
782
537
609
312
844
110
812
884
910
56
791
731
270
193
275
877
394
776
376
473
225
425
654
939
924
109
198
290
684
685
339
223
575
979
124
989
431
150
409
718
180
981
374
620
401
549
602
805
209
581
352
691
867
852
615
299
682
585
73
773
489
965
580
241
68
703
23
313
672
880
161
266
889
320
979
632
257
409
697
668
36
136
397
165
660
464
861
408
457
427
760
449
811
496
632
108
815
901
458
692
744
786
246
558
177
912
469
358
595
213
18
309
504
630
377
929
869
846
350
337
328
241
211
697
890
897
659
682
804
293
468
160
915
800
310
466
743
878
412
400
570
585
996
685
982
686
798
771
506
157
816
219
249
755
325
530
734
537
922
546
487
330
913
631
816
573
750
140
160
98
594
163
207
12
568
876
997
41
540
569
808
260
844
125
300
831
986
599
965
645
688
249
352
15
267
439
972
195
801
654
977
840
781
492
604
145
27
178
645
134
608
437
339
885
303
842
627
828
199
294
852
787
894
677
628
504
917
52
335
656
590
758
147
197
463
29
789
798
705
762
225
518
478
561
524
187
19
525
394
504
531
297
801
164
790
207
612
610
65
219
251
202
732
82
407
894
246
766
499
410
507
712
995
471
73
49
455
447
246
32
259
33
320
903
502
735
702
771
635
264
666
607
947
435
832
948
784
244
16
840
468
786
27
225
693
864
328
614
376
393
86
650
343
451
211
758
561
701
109
279
787
128
358
570
216
576
711
70
246
569
835
811
273
403
840
389
735
276
409
126
710
173
608
23
766
398
187
959
351
538
49
491
808
731
809
617
616
729
102
958
270
80
80
154
77
193
742
76
957
930
130
338
46
303
238
727
857
269
544
103
342
172
574
933
486
934
158
751
385
448
85
867
408
476
784
235
917
195
809
103
375
637
444
502
838
818
184
846
9
838
491
500
380
266
454
237
908
25
686
468
922
255
688
863
90
794
768
823
141
380
905
487
50
95
50
68
294
973
731
612
513
334
672
354
895
117
954
590
633
141
630
606
996
186
249
428
70
324
618
28
172
776
760
942
438
104
845
525
136
23
815
473
552
203
509
306
91
857
508
605
466
374
367
288
895
618
927
340
523
465
852
990
550
455
882
788
402
767
739
892
310
745
340
534
910
70
719
582
704
600
76
422
455
526
49
607
814
266
565
443
611
737
274
885
411
571
128
57
254
873
224
780
292
757
859
855
743
672
34
659
941
241
28
61
89
567
745
191
605
217
412
642
257
422
271
833
301
255
776
698
731
576
135
875
120
818
147
910
120
817
924
84
773
908
322
369
297
309
926
264
669
652
618
247
173
222
483
932
706
64
574
974
559
567
405
768
17
716
21
588
624
27
472
290
357
675
949
997
790
255
508
499
164
331
506
999
85
110
515
673
853
949
780
554
593
448
269
630
325
619
623
17
773
723
332
841
14
480
387
554
718
449
996
854
293
623
785
179
960
662
770
911
72
605
944
889
233
297
391
267
411
920
760
489
612
53
365
652
171
424
309
845
753
950
908
448
23
615
313
975
389
964
981
204
955
201
298
287
636
854
984
39
949
594
199
530
32
567
10
821
40
437
538
297
997
371
915
801
686
658
808
139
491
551
639
917
240
697
107
511
105
391
621
205
993
193
526
927
824
716
745
916
586
593
520
942
698
208
940
657
226
640
538
735
182
660
414
369
987
729
25
505
991
754
259
269
137
44
17
915
461
918
977
751
161
180
427
910
939
500
754
141
341
120
790
180
701
53
587
360
722
561
729
120
214
714
805
819
14
617
291
939
794
222
41
251
199
184
353
243
990
614
103
742
200
104
866
420
750
23
569
177
208
424
130
495
559
381
889
8
480
819
36
119
165
599
864
833
606
827
872
0
779
408
943
782
171
293
728
28
367
156
502
519
502
255
765
577
6
898
593
331
945
668
159
576
30
918
893
103
468
392
554
482
962
573
21
307
430
